<?xml version="1.0" encoding="UTF-8"?>
<testsuite xmlns:xsi="http://www.w3.org/2001/XMLSchema-instance" xsi:noNamespaceSchemaLocation="https://maven.apache.org/surefire/maven-surefire-plugin/xsd/surefire-test-report.xsd" name="com.mycompany.gpruebas2425.CalculadoraTest" time="0.07" tests="5" errors="0" skipped="0" failures="0">
  <properties>
[...]
</properties>
  <testcase name="testResta" classname="com.mycompany.gpruebas2425.CalculadoraTest" time="0.047"/>
  <testcase name="testSuma" classname="com.mycompany.gpruebas2425.CalculadoraTest" time="0"/>
  <testcase name="testDivisionCero" classname="com.mycompany.gpruebas2425.CalculadoraTest" time="0.003"/>
  <testcase name="testMultiplicacion" classname="com.mycompany.gpruebas2425.CalculadoraTest" time="0"/>
  <testcase name="testDivision" classname="com.mycompany.gpruebas2425.CalculadoraTest" time="0.003"/>
</testsuite>